Arguments: 
  /usr/local/Cellar/node/14.10.1/bin/node /usr/local/Cellar/yarn/1.22.5/libexec/bin/yarn.js add @types/nod

PATH: 
  /usr/local/opt/openjdk/bin:/usr/local/bin:/usr/bin:/bin:/usr/sbin:/sbin:/usr/local/opt/openjdk/bin

Yarn version: 
  1.22.5

Node version: 
  14.10.1

Platform: 
  darwin x64

Trace: 
  Error: https://registry.yarnpkg.com/@types%2fnod: Not found
      at Request.params.callback [as _callback] (/usr/local/Cellar/yarn/1.22.5/libexec/lib/cli.js:66988:18)
      at Request.self.callback (/usr/local/Cellar/yarn/1.22.5/libexec/lib/cli.js:140749:22)
      at Request.emit (events.js:314:20)
      at Request.<anonymous> (/usr/local/Cellar/yarn/1.22.5/libexec/lib/cli.js:141721:10)
      at Request.emit (events.js:314:20)
      at IncomingMessage.<anonymous> (/usr/local/Cellar/yarn/1.22.5/libexec/lib/cli.js:141643:12)
      at Object.onceWrapper (events.js:420:28)
      at IncomingMessage.emit (events.js:326:22)
      at endReadableNT (_stream_readable.js:1252:12)
      at processTicksAndRejections (internal/process/task_queues.js:80:21)

npm manifest: 
  {
    "name": "lc-query-string",
    "version": "0.0.1",
    "description": "Url query parse and compose",
    "main": "index.js",
    "scripts": {
        "dev": "tsc -w",
        "build": "tsc",
        "test": "node test.js"
    },
    "repository": "git@github.com:lazycoffee/lc-query-string.git",
    "author": "JamesYin <elantion@sina.com>",
    "license": "MIT",
    "dependencies": {
      "typescript": "^4.0.2"
    }
  }

yarn manifest: 
  No manifest

Lockfile: 
  # THIS IS AN AUTOGENERATED FILE. DO NOT EDIT THIS FILE DIRECTLY.
  # yarn lockfile v1
  
  
  typescript@^4.0.2:
    version "4.0.2"
    resolved "https://registry.yarnpkg.com/typescript/-/typescript-4.0.2.tgz#7ea7c88777c723c681e33bf7988be5d008d05ac2"
    integrity sha512-e4ERvRV2wb+rRZ/IQeb3jm2VxBsirQLpQhdxplZ2MEzGvDkkMmPglecnNDfSUBivMjP93vRbngYYDQqQ/78bcQ==
